<?xml version="1.0" encoding="UTF-8"?>
<!-- Generated by org.testng.reporters.JUnitXMLReporter -->
<testsuite ignored="0" hostname="DELL" failures="1" tests="1" name="Sanity Test" time="8.488" errors="0" timestamp="2023-03-03T08:33:36 IST">
  <testcase classname="testcases.LoginPageTest" name="LoginPageGetTitle" time="2.417">
    <failure type="java.lang.AssertionError" message="expected [Dashboard] but found [User | Dashboard]">
      <![CDATA[java.lang.AssertionError: expected [Dashboard] but found [User | Dashboard]
at testcases.LoginPageTest.LoginPageGetTitle(LoginPageTest.java:36)
at java.base/java.util.ArrayList.forEach(ArrayList.java:1511)
... Removed 33 stack frames]]>
    </failure>
  </testcase> <!-- LoginPageGetTitle -->
</testsuite> <!-- Sanity Test -->
